[14-May-2021 15:53:07 UTC] Errors!
[14-May-2021 16:48:58 UTC] Errors!
[14-May-2021 16:49:10 UTC] Errors!
[14-May-2021 21:11:38 UTC] Errors!
[17-May-2021 16:34:55 UTC] Errors!
[17-May-2021 16:37:54 UTC] Errors!
[17-May-2021 16:38:21 UTC] Errors!
[17-May-2021 16:38:37 UTC] Errors!
[17-May-2021 16:38:54 UTC] Errors!
[17-May-2021 16:39:25 UTC] Errors!
[17-May-2021 16:39:54 UTC] Errors!
[17-May-2021 16:40:16 UTC] Errors!
[17-May-2021 16:40:25 UTC] Errors!
[17-May-2021 16:40:31 UTC] Errors!
[17-May-2021 16:57:20 UTC] Errors!
[17-May-2021 17:01:34 UTC] Errors!
[17-May-2021 17:03:22 UTC] Errors!
[17-May-2021 17:03:44 UTC] Errors!
[17-May-2021 17:03:55 UTC] Errors!
[17-May-2021 17:05:56 UTC] Errors!
[17-May-2021 17:06:54 UTC] Errors!
[17-May-2021 17:07:13 UTC] Errors!
[17-May-2021 17:18:40 UTC] Errors!
[17-May-2021 17:25:58 UTC] Errors!
[17-May-2021 17:27:00 UTC] Errors!
[17-May-2021 17:27:33 UTC] Errors!
[17-May-2021 17:29:31 UTC] Errors!
[17-May-2021 17:30:12 UTC] Errors!
[17-May-2021 17:31:11 UTC] Errors!
[17-May-2021 17:32:29 UTC] Errors!
[17-May-2021 17:34:14 UTC] Errors!
[17-May-2021 17:34:59 UTC] Errors!
[17-May-2021 17:36:19 UTC] Errors!
[17-May-2021 17:37:23 UTC] Errors!
[17-May-2021 17:38:36 UTC] Errors!
[17-May-2021 17:39:03 UTC] Errors!
[17-May-2021 17:39:39 UTC] Errors!
[17-May-2021 17:40:15 UTC] Errors!
[17-May-2021 17:41:08 UTC] Errors!
[17-May-2021 17:42:16 UTC] Errors!
[17-May-2021 17:43:20 UTC] Errors!
[17-May-2021 17:45:09 UTC] Errors!
[17-May-2021 17:45:20 UTC] Errors!
[17-May-2021 17:46:07 UTC] Errors!
[17-May-2021 17:46:12 UTC] Errors!
[17-May-2021 17:48:14 UTC] Errors!
[17-May-2021 18:00:49 UTC] Errors!
[17-May-2021 18:11:42 UTC] Errors!
[17-May-2021 20:16:43 UTC] Errors!
[17-May-2021 20:17:02 UTC] Errors!
[17-May-2021 20:17:22 UTC] Errors!
[17-May-2021 20:20:17 UTC] Errors!
[17-May-2021 20:22:19 UTC] Errors!
[17-May-2021 20:22:37 UTC] Errors!
[17-May-2021 20:24:55 UTC] Errors!
[17-May-2021 20:29:49 UTC] Errors!
[18-May-2021 03:06:30 UTC] Errors!
[18-May-2021 03:07:30 UTC] Errors!
[18-May-2021 03:10:08 UTC] Errors!
[18-May-2021 03:10:17 UTC] Errors!
[18-May-2021 03:13:14 UTC] Errors!
[18-May-2021 03:13:37 UTC] Errors!
[18-May-2021 03:15:01 UTC] Errors!
[18-May-2021 03:15:01 UTC] PHP Notice:  Undefined index: nombre_centro in C:\wamp64\www\Pruebas\procu\perfil_nna_centros.php on line 80
[18-May-2021 03:15:01 UTC] PHP Stack trace:
[18-May-2021 03:15:01 UTC] PHP   1. {main}() C:\wamp64\www\Pruebas\procu\perfil_nna_centros.php:0
[18-May-2021 03:15:01 UTC] PHP Notice:  Undefined index: fecha_ingreso in C:\wamp64\www\Pruebas\procu\perfil_nna_centros.php on line 97
[18-May-2021 03:15:01 UTC] PHP Stack trace:
[18-May-2021 03:15:01 UTC] PHP   1. {main}() C:\wamp64\www\Pruebas\procu\perfil_nna_centros.php:0
[18-May-2021 03:15:18 UTC] Errors!
[18-May-2021 03:15:18 UTC] PHP Notice:  Undefined index: fecha_ingreso in C:\wamp64\www\Pruebas\procu\perfil_nna_centros.php on line 97
[18-May-2021 03:15:18 UTC] PHP Stack trace:
[18-May-2021 03:15:18 UTC] PHP   1. {main}() C:\wamp64\www\Pruebas\procu\perfil_nna_centros.php:0
[18-May-2021 03:15:53 UTC] Errors!
[18-May-2021 03:17:05 UTC] Errors!
[18-May-2021 03:18:29 UTC] Errors!
[18-May-2021 16:15:41 UTC] Errors!
[18-May-2021 16:17:00 UTC] Errors!
[18-May-2021 16:18:14 UTC] Errors!
[18-May-2021 16:19:11 UTC] Errors!
[18-May-2021 16:19:23 UTC] Errors!
[18-May-2021 16:20:03 UTC] Errors!
[18-May-2021 16:20:21 UTC] Errors!
[18-May-2021 16:21:39 UTC] Errors!
[18-May-2021 16:22:35 UTC] Errors!
[18-May-2021 16:25:13 UTC] Errors!
[18-May-2021 16:25:24 UTC] Errors!
[18-May-2021 16:26:01 UTC] Errors!
[18-May-2021 16:26:17 UTC] Errors!
[18-May-2021 16:28:19 UTC] Errors!
[18-May-2021 16:29:34 UTC] Errors!
[18-May-2021 16:31:02 UTC] Errors!
[18-May-2021 16:31:18 UTC] Errors!
[18-May-2021 16:39:32 UTC] Errors!
[18-May-2021 17:05:55 UTC] Errors!
[18-May-2021 17:06:46 UTC] Errors!
[18-May-2021 17:08:57 UTC] Errors!
[18-May-2021 17:09:13 UTC] Errors!
[18-May-2021 17:10:11 UTC] Errors!
[18-May-2021 17:10:11 UTC] PHP Notice:  Undefined index: id_nna_centro in C:\wamp64\www\Pruebas\procu\perfil_nna_centros.php on line 37
[18-May-2021 17:10:11 UTC] PHP Stack trace:
[18-May-2021 17:10:11 UTC] PHP   1. {main}() C:\wamp64\www\Pruebas\procu\perfil_nna_centros.php:0
[18-May-2021 17:10:32 UTC] Errors!
[18-May-2021 17:11:40 UTC] Errors!
[18-May-2021 17:11:40 UTC] PHP Notice:  Undefined index: id in C:\wamp64\www\Pruebas\procu\perfil_nna_centros.php on line 37
[18-May-2021 17:11:40 UTC] PHP Stack trace:
[18-May-2021 17:11:40 UTC] PHP   1. {main}() C:\wamp64\www\Pruebas\procu\perfil_nna_centros.php:0
[18-May-2021 17:11:54 UTC] Errors!
[18-May-2021 17:11:54 UTC] PHP Notice:  Undefined index: nna_centros.id in C:\wamp64\www\Pruebas\procu\perfil_nna_centros.php on line 37
[18-May-2021 17:11:54 UTC] PHP Stack trace:
[18-May-2021 17:11:54 UTC] PHP   1. {main}() C:\wamp64\www\Pruebas\procu\perfil_nna_centros.php:0
[18-May-2021 17:12:21 UTC] Errors!
[18-May-2021 17:12:21 UTC] PHP Notice:  Undefined index: nna_centros.id in C:\wamp64\www\Pruebas\procu\perfil_nna_centros.php on line 37
[18-May-2021 17:12:21 UTC] PHP Stack trace:
[18-May-2021 17:12:21 UTC] PHP   1. {main}() C:\wamp64\www\Pruebas\procu\perfil_nna_centros.php:0
[18-May-2021 17:13:10 UTC] Errors!
[18-May-2021 17:13:41 UTC] Errors!
[18-May-2021 17:14:14 UTC] Errors!
[18-May-2021 17:14:23 UTC] Errors!
[18-May-2021 17:14:41 UTC] Errors!
[18-May-2021 17:14:41 UTC] PHP Notice:  Undefined variable: row2 in C:\wamp64\www\Pruebas\procu\perfil_nna_centros.php on line 36
[18-May-2021 17:14:41 UTC] PHP Stack trace:
[18-May-2021 17:14:41 UTC] PHP   1. {main}() C:\wamp64\www\Pruebas\procu\perfil_nna_centros.php:0
[18-May-2021 17:15:12 UTC] Errors!
[18-May-2021 17:15:12 UTC] PHP Fatal error:  Uncaught Error: Cannot use object of type mysqli_result as array in C:\wamp64\www\Pruebas\procu\perfil_nna_centros.php:36
Stack trace:
#0 {main}
  thrown in C:\wamp64\www\Pruebas\procu\perfil_nna_centros.php on line 36
[18-May-2021 17:17:51 UTC] Errors!
[18-May-2021 17:32:26 UTC] Errors!
[18-May-2021 17:32:33 UTC] Errors!
[18-May-2021 17:32:36 UTC] Errors!
[18-May-2021 17:32:36 UTC] PHP Fatal error:  Uncaught mysqli_sql_exception: Column count doesn't match value count at row 1 in C:\wamp64\www\Pruebas\procu\perfil_nna_centros.php:50
Stack trace:
#0 C:\wamp64\www\Pruebas\procu\perfil_nna_centros.php(50): mysqli_query(Object(mysqli), 'INSERT INTO pro...')
#1 {main}
  thrown in C:\wamp64\www\Pruebas\procu\perfil_nna_centros.php on line 50
[18-May-2021 17:34:27 UTC] Errors!
[18-May-2021 17:34:29 UTC] Errors!
[18-May-2021 17:34:31 UTC] Errors!
[18-May-2021 17:34:31 UTC] PHP Fatal error:  Uncaught mysqli_sql_exception: Incorrect date value: 'CURDATE()' for column 'fecha_registro' at row 1 in C:\wamp64\www\Pruebas\procu\perfil_nna_centros.php:49
Stack trace:
#0 C:\wamp64\www\Pruebas\procu\perfil_nna_centros.php(49): mysqli_query(Object(mysqli), 'INSERT INTO pro...')
#1 {main}
  thrown in C:\wamp64\www\Pruebas\procu\perfil_nna_centros.php on line 49
[18-May-2021 17:34:49 UTC] Errors!
[18-May-2021 17:34:51 UTC] Errors!
[18-May-2021 17:34:51 UTC] PHP Notice:  Undefined variable: conn in C:\wamp64\www\Pruebas\procu\perfil_nna_centros.php on line 54
[18-May-2021 17:34:51 UTC] PHP Stack trace:
[18-May-2021 17:34:51 UTC] PHP   1. {main}() C:\wamp64\www\Pruebas\procu\perfil_nna_centros.php:0
[18-May-2021 17:34:51 UTC] PHP Fatal error:  Uncaught Error: Call to a member function close() on null in C:\wamp64\www\Pruebas\procu\perfil_nna_centros.php:54
Stack trace:
#0 {main}
  thrown in C:\wamp64\www\Pruebas\procu\perfil_nna_centros.php on line 54
[18-May-2021 17:35:20 UTC] Errors!
[18-May-2021 17:35:24 UTC] Errors!
[18-May-2021 17:35:28 UTC] Errors!
[18-May-2021 17:35:28 UTC] PHP Fatal error:  Uncaught mysqli_sql_exception: Duplicate entry '228' for key 'id_responsable_UNIQUE' in C:\wamp64\www\Pruebas\procu\perfil_nna_centros.php:49
Stack trace:
#0 C:\wamp64\www\Pruebas\procu\perfil_nna_centros.php(49): mysqli_query(Object(mysqli), 'INSERT INTO pro...')
#1 {main}
  thrown in C:\wamp64\www\Pruebas\procu\perfil_nna_centros.php on line 49
[18-May-2021 17:37:43 UTC] Errors!
[18-May-2021 17:37:45 UTC] Errors!
[18-May-2021 17:37:45 UTC] PHP Notice:  Undefined variable: result in C:\wamp64\www\Pruebas\procu\perfil_nna_centros.php on line 43
[18-May-2021 17:37:45 UTC] PHP Stack trace:
[18-May-2021 17:37:45 UTC] PHP   1. {main}() C:\wamp64\www\Pruebas\procu\perfil_nna_centros.php:0
[18-May-2021 17:37:45 UTC] PHP Warning:  mysqli_num_rows() expects parameter 1 to be mysqli_result, null given in C:\wamp64\www\Pruebas\procu\perfil_nna_centros.php on line 43
[18-May-2021 17:37:45 UTC] PHP Stack trace:
[18-May-2021 17:37:45 UTC] PHP   1. {main}() C:\wamp64\www\Pruebas\procu\perfil_nna_centros.php:0
[18-May-2021 17:37:45 UTC] PHP   2. mysqli_num_rows() C:\wamp64\www\Pruebas\procu\perfil_nna_centros.php:43
[18-May-2021 17:37:45 UTC] PHP Fatal error:  Uncaught mysqli_sql_exception: Duplicate entry '228' for key 'id_responsable_UNIQUE' in C:\wamp64\www\Pruebas\procu\perfil_nna_centros.php:54
Stack trace:
#0 C:\wamp64\www\Pruebas\procu\perfil_nna_centros.php(54): mysqli_query(Object(mysqli), 'INSERT INTO pro...')
#1 {main}
  thrown in C:\wamp64\www\Pruebas\procu\perfil_nna_centros.php on line 54
[18-May-2021 17:39:27 UTC] Errors!
[18-May-2021 17:39:29 UTC] Errors!
[18-May-2021 17:39:29 UTC] PHP Fatal error:  Uncaught mysqli_sql_exception: Duplicate entry '228' for key 'id_responsable_UNIQUE' in C:\wamp64\www\Pruebas\procu\perfil_nna_centros.php:54
Stack trace:
#0 C:\wamp64\www\Pruebas\procu\perfil_nna_centros.php(54): mysqli_query(Object(mysqli), 'INSERT INTO pro...')
#1 {main}
  thrown in C:\wamp64\www\Pruebas\procu\perfil_nna_centros.php on line 54
[18-May-2021 17:40:06 UTC] Errors!
[18-May-2021 17:40:08 UTC] Errors!
[18-May-2021 17:40:19 UTC] Errors!
[18-May-2021 17:40:19 UTC] PHP Fatal error:  Uncaught mysqli_sql_exception: Duplicate entry '399' for key 'id_nna_centro_UNIQUE' in C:\wamp64\www\Pruebas\procu\perfil_nna_centros.php:54
Stack trace:
#0 C:\wamp64\www\Pruebas\procu\perfil_nna_centros.php(54): mysqli_query(Object(mysqli), 'INSERT INTO pro...')
#1 {main}
  thrown in C:\wamp64\www\Pruebas\procu\perfil_nna_centros.php on line 54
[18-May-2021 17:51:14 UTC] Errors!
[18-May-2021 17:51:17 UTC] Errors!
[18-May-2021 17:58:27 UTC] Errors!
[18-May-2021 17:58:55 UTC] Errors!
[18-May-2021 17:59:15 UTC] Errors!
[18-May-2021 18:00:09 UTC] Errors!
[18-May-2021 18:00:13 UTC] Errors!
[18-May-2021 18:00:20 UTC] Errors!
[18-May-2021 18:00:23 UTC] Errors!
[18-May-2021 18:00:57 UTC] Errors!
[18-May-2021 18:01:01 UTC] Errors!
[18-May-2021 18:01:19 UTC] Errors!
[18-May-2021 18:01:22 UTC] Errors!
[18-May-2021 18:06:44 UTC] Errors!
[18-May-2021 18:07:03 UTC] Errors!
[18-May-2021 18:07:10 UTC] Errors!
[18-May-2021 18:09:07 UTC] Errors!
[18-May-2021 18:10:06 UTC] Errors!
[18-May-2021 18:10:12 UTC] Errors!
[18-May-2021 18:29:20 UTC] Errors!
[18-May-2021 18:33:01 UTC] Errors!
[18-May-2021 18:38:33 UTC] Errors!
[18-May-2021 18:42:21 UTC] Errors!
[18-May-2021 18:42:21 UTC] PHP Notice:  Undefined variable: id_nna_centro in C:\wamp64\www\Pruebas\procu\perfil_nna_centros.php on line 32
[18-May-2021 18:42:21 UTC] PHP Stack trace:
[18-May-2021 18:42:21 UTC] PHP   1. {main}() C:\wamp64\www\Pruebas\procu\perfil_nna_centros.php:0
[18-May-2021 18:42:21 UTC] PHP Notice:  Undefined variable: id_nna_centro in C:\wamp64\www\Pruebas\procu\perfil_nna_centros.php on line 38
[18-May-2021 18:42:21 UTC] PHP Stack trace:
[18-May-2021 18:42:21 UTC] PHP   1. {main}() C:\wamp64\www\Pruebas\procu\perfil_nna_centros.php:0
[18-May-2021 18:42:21 UTC] PHP Fatal error:  Uncaught mysqli_sql_exception: You have an error in your SQL syntax; check the manual that corresponds to your MySQL server version for the right syntax to use near '' at line 11 in C:\wamp64\www\Pruebas\procu\perfil_nna_centros.php:40
Stack trace:
#0 C:\wamp64\www\Pruebas\procu\perfil_nna_centros.php(40): mysqli->query('SELECT centros....')
#1 {main}
  thrown in C:\wamp64\www\Pruebas\procu\perfil_nna_centros.php on line 40
[18-May-2021 18:42:54 UTC] Errors!
[18-May-2021 18:42:59 UTC] Errors!
[18-May-2021 18:42:59 UTC] PHP Notice:  Undefined variable: idNNA in C:\wamp64\www\Pruebas\procu\perfil_nna_centros.php on line 56
[18-May-2021 18:42:59 UTC] PHP Stack trace:
[18-May-2021 18:42:59 UTC] PHP   1. {main}() C:\wamp64\www\Pruebas\procu\perfil_nna_centros.php:0
[18-May-2021 18:42:59 UTC] PHP Fatal error:  Uncaught mysqli_sql_exception: You have an error in your SQL syntax; check the manual that corresponds to your MySQL server version for the right syntax to use near '' at line 3 in C:\wamp64\www\Pruebas\procu\perfil_nna_centros.php:57
Stack trace:
#0 C:\wamp64\www\Pruebas\procu\perfil_nna_centros.php(57): mysqli_query(Object(mysqli), 'SELECT nna_susc...')
#1 {main}
  thrown in C:\wamp64\www\Pruebas\procu\perfil_nna_centros.php on line 57
[18-May-2021 18:43:36 UTC] Errors!
[18-May-2021 18:43:38 UTC] Errors!
[18-May-2021 18:43:43 UTC] Errors!
[18-May-2021 18:43:46 UTC] Errors!
[18-May-2021 18:53:26 UTC] Errors!
[18-May-2021 18:54:27 UTC] Errors!
[18-May-2021 18:54:31 UTC] Errors!
[18-May-2021 18:55:48 UTC] Errors!
[18-May-2021 18:56:00 UTC] Errors!
[18-May-2021 18:56:06 UTC] Errors!
[18-May-2021 18:56:10 UTC] Errors!
[20-May-2021 17:00:07 UTC] Errors!
[20-May-2021 21:14:51 UTC] Errors!
[21-May-2021 17:16:46 UTC] Errors!
[21-May-2021 17:22:47 UTC] Errors!
[21-May-2021 17:23:12 UTC] Errors!
[21-May-2021 17:23:25 UTC] Errors!
[21-May-2021 17:23:28 UTC] Errors!
[21-May-2021 17:23:37 UTC] Errors!
[21-May-2021 17:39:08 UTC] Errors!
[21-May-2021 17:46:13 UTC] Errors!
[21-May-2021 17:46:23 UTC] Errors!
[21-May-2021 17:48:48 UTC] Errors!
[21-May-2021 17:50:51 UTC] Errors!
[21-May-2021 17:51:43 UTC] Errors!
[21-May-2021 17:51:56 UTC] Errors!
[21-May-2021 17:52:11 UTC] Errors!
[21-May-2021 17:52:42 UTC] Errors!
[24-May-2021 14:37:47 UTC] Errors!
[24-May-2021 14:39:57 UTC] Errors!
[24-May-2021 14:41:09 UTC] Errors!
[24-May-2021 14:41:52 UTC] Errors!
[24-May-2021 14:42:20 UTC] Errors!
[24-May-2021 14:55:37 UTC] Errors!
[24-May-2021 15:17:15 UTC] Errors!
[24-May-2021 15:18:12 UTC] Errors!
[24-May-2021 15:19:20 UTC] Errors!
[24-May-2021 15:20:58 UTC] Errors!
[25-May-2021 07:55:56 UTC] Errors!
[25-May-2021 08:25:12 UTC] Errors!
[25-May-2021 08:40:23 UTC] Errors!
[25-May-2021 08:40:23 UTC] PHP Fatal error:  Uncaught mysqli_sql_exception: You have an error in your SQL syntax; check the manual that corresponds to your MySQL server version for the right syntax to use near '' at line 11 in C:\wamp64\www\Pruebas\procu\perfil_nna_susceptible.php:40
Stack trace:
#0 C:\wamp64\www\Pruebas\procu\perfil_nna_susceptible.php(40): mysqli->query('SELECT centros....')
#1 {main}
  thrown in C:\wamp64\www\Pruebas\procu\perfil_nna_susceptible.php on line 40
[25-May-2021 08:40:33 UTC] Errors!
[25-May-2021 08:41:56 UTC] Errors!
[25-May-2021 08:48:05 UTC] Errors!
[25-May-2021 08:48:46 UTC] Errors!
[25-May-2021 08:48:54 UTC] Errors!
[25-May-2021 08:48:57 UTC] Errors!
[25-May-2021 09:00:21 UTC] Errors!
[25-May-2021 09:00:21 UTC] PHP Fatal error:  Uncaught mysqli_sql_exception: You have an error in your SQL syntax; check the manual that corresponds to your MySQL server version for the right syntax to use near '' at line 3 in C:\wamp64\www\Pruebas\procu\perfil_nna_adop.php:17
Stack trace:
#0 C:\wamp64\www\Pruebas\procu\perfil_nna_adop.php(17): mysqli->query('SELECT cp.nuc, ...')
#1 {main}
  thrown in C:\wamp64\www\Pruebas\procu\perfil_nna_adop.php on line 17
[25-May-2021 09:00:33 UTC] Errors!
[25-May-2021 09:01:09 UTC] Errors!
[25-May-2021 09:01:23 UTC] Errors!
[25-May-2021 09:03:54 UTC] Errors!
[25-May-2021 09:07:19 UTC] Errors!
[25-May-2021 09:07:42 UTC] Errors!
[25-May-2021 18:35:38 UTC] Errors!
[25-May-2021 18:36:37 UTC] Errors!
[25-May-2021 18:37:05 UTC] Errors!
[26-May-2021 15:47:27 UTC] Errors!
[26-May-2021 16:08:30 UTC] Errors!
[26-May-2021 16:13:40 UTC] Errors!
[26-May-2021 16:21:25 UTC] Errors!
[26-May-2021 17:01:38 UTC] Errors!
[26-May-2021 17:12:02 UTC] Errors!
[26-May-2021 17:37:58 UTC] Errors!
[26-May-2021 17:40:43 UTC] Errors!
[26-May-2021 17:40:45 UTC] Errors!
[26-May-2021 17:59:00 UTC] Errors!
[26-May-2021 17:59:02 UTC] Errors!
[26-May-2021 18:12:02 UTC] Errors!
[26-May-2021 18:14:43 UTC] Errors!
[26-May-2021 18:14:50 UTC] Errors!
[27-May-2021 03:42:00 UTC] Errors!
[27-May-2021 03:42:14 UTC] Errors!
[27-May-2021 03:52:32 UTC] Errors!
[27-May-2021 03:54:01 UTC] Errors!
[27-May-2021 03:55:14 UTC] Errors!
[27-May-2021 03:56:10 UTC] Errors!
[27-May-2021 03:56:27 UTC] Errors!
[27-May-2021 03:58:11 UTC] Errors!
[27-May-2021 03:58:57 UTC] Errors!
[27-May-2021 04:01:24 UTC] Errors!
[27-May-2021 04:01:26 UTC] Errors!
[27-May-2021 04:02:48 UTC] Errors!
[27-May-2021 04:02:48 UTC] PHP Notice:  Undefined index: curp in C:\wamp64\www\Pruebas\procu\perfil_nna_susceptible.php on line 89
[27-May-2021 04:02:48 UTC] PHP Stack trace:
[27-May-2021 04:02:48 UTC] PHP   1. {main}() C:\wamp64\www\Pruebas\procu\perfil_nna_susceptible.php:0
[27-May-2021 04:02:48 UTC] PHP Notice:  Undefined variable: idNNA in C:\wamp64\www\Pruebas\procu\perfil_nna_susceptible.php on line 93
[27-May-2021 04:02:48 UTC] PHP Stack trace:
[27-May-2021 04:02:48 UTC] PHP   1. {main}() C:\wamp64\www\Pruebas\procu\perfil_nna_susceptible.php:0
[27-May-2021 04:03:36 UTC] Errors!
[27-May-2021 04:03:36 UTC] PHP Notice:  Undefined variable: idNNA in C:\wamp64\www\Pruebas\procu\perfil_nna_susceptible.php on line 93
[27-May-2021 04:03:36 UTC] PHP Stack trace:
[27-May-2021 04:03:36 UTC] PHP   1. {main}() C:\wamp64\www\Pruebas\procu\perfil_nna_susceptible.php:0
[27-May-2021 04:04:28 UTC] Errors!
[27-May-2021 04:05:24 UTC] Errors!
[27-May-2021 04:05:24 UTC] PHP Notice:  Undefined index: statusCurp in C:\wamp64\www\Pruebas\procu\perfil_nna_susceptible.php on line 95
[27-May-2021 04:05:24 UTC] PHP Stack trace:
[27-May-2021 04:05:24 UTC] PHP   1. {main}() C:\wamp64\www\Pruebas\procu\perfil_nna_susceptible.php:0
[27-May-2021 04:05:24 UTC] PHP Notice:  Undefined index: nacionalidad in C:\wamp64\www\Pruebas\procu\perfil_nna_susceptible.php on line 98
[27-May-2021 04:05:24 UTC] PHP Stack trace:
[27-May-2021 04:05:24 UTC] PHP   1. {main}() C:\wamp64\www\Pruebas\procu\perfil_nna_susceptible.php:0
[27-May-2021 04:05:24 UTC] PHP Notice:  Undefined index: docProbatorio in C:\wamp64\www\Pruebas\procu\perfil_nna_susceptible.php on line 101
[27-May-2021 04:05:24 UTC] PHP Stack trace:
[27-May-2021 04:05:24 UTC] PHP   1. {main}() C:\wamp64\www\Pruebas\procu\perfil_nna_susceptible.php:0
[27-May-2021 04:07:04 UTC] Errors!
[27-May-2021 04:10:02 UTC] Errors!
[27-May-2021 04:10:32 UTC] Errors!
[27-May-2021 04:10:47 UTC] Errors!
[27-May-2021 04:11:45 UTC] Errors!
[27-May-2021 04:12:47 UTC] Errors!
[27-May-2021 04:13:09 UTC] Errors!
[27-May-2021 04:13:19 UTC] Errors!
[27-May-2021 04:13:35 UTC] Errors!
[27-May-2021 04:14:03 UTC] Errors!
[27-May-2021 04:14:39 UTC] Errors!
[27-May-2021 04:14:51 UTC] Errors!
[27-May-2021 04:17:53 UTC] Errors!
[27-May-2021 04:18:53 UTC] Errors!
[27-May-2021 04:19:04 UTC] Errors!
[27-May-2021 04:20:13 UTC] Errors!
[27-May-2021 04:25:42 UTC] Errors!
[27-May-2021 04:31:54 UTC] Errors!
[27-May-2021 04:33:52 UTC] Errors!
[27-May-2021 04:34:00 UTC] Errors!
[27-May-2021 04:34:00 UTC] PHP Notice:  Undefined variable: query in C:\wamp64\www\Pruebas\procu\nna_susceptible.php on line 28
[27-May-2021 04:34:00 UTC] PHP Stack trace:
[27-May-2021 04:34:00 UTC] PHP   1. {main}() C:\wamp64\www\Pruebas\procu\nna_susceptible.php:0
[27-May-2021 04:34:00 UTC] PHP Warning:  mysqli::query(): Empty query in C:\wamp64\www\Pruebas\procu\nna_susceptible.php on line 28
[27-May-2021 04:34:00 UTC] PHP Stack trace:
[27-May-2021 04:34:00 UTC] PHP   1. {main}() C:\wamp64\www\Pruebas\procu\nna_susceptible.php:0
[27-May-2021 04:34:00 UTC] PHP   2. mysqli->query() C:\wamp64\www\Pruebas\procu\nna_susceptible.php:28
[27-May-2021 04:34:00 UTC] PHP Fatal error:  Uncaught Error: Call to a member function fetch_assoc() on boolean in C:\wamp64\www\Pruebas\procu\nna_susceptible.php:30
Stack trace:
#0 {main}
  thrown in C:\wamp64\www\Pruebas\procu\nna_susceptible.php on line 30
[27-May-2021 04:36:34 UTC] Errors!
[27-May-2021 04:36:34 UTC] PHP Notice:  Undefined index: nombre_centro in C:\wamp64\www\Pruebas\procu\nna_susceptible.php on line 78
[27-May-2021 04:36:34 UTC] PHP Stack trace:
[27-May-2021 04:36:34 UTC] PHP   1. {main}() C:\wamp64\www\Pruebas\procu\nna_susceptible.php:0
[27-May-2021 04:36:34 UTC] PHP Notice:  Undefined index: motivo in C:\wamp64\www\Pruebas\procu\nna_susceptible.php on line 81
[27-May-2021 04:36:34 UTC] PHP Stack trace:
[27-May-2021 04:36:34 UTC] PHP   1. {main}() C:\wamp64\www\Pruebas\procu\nna_susceptible.php:0
[27-May-2021 04:36:34 UTC] PHP Notice:  Undefined index: cuidado_procu in C:\wamp64\www\Pruebas\procu\nna_susceptible.php on line 84
[27-May-2021 04:36:34 UTC] PHP Stack trace:
[27-May-2021 04:36:34 UTC] PHP   1. {main}() C:\wamp64\www\Pruebas\procu\nna_susceptible.php:0
[27-May-2021 04:36:34 UTC] PHP Notice:  Undefined index: fecha_ingreso in C:\wamp64\www\Pruebas\procu\nna_susceptible.php on line 93
[27-May-2021 04:36:34 UTC] PHP Stack trace:
[27-May-2021 04:36:34 UTC] PHP   1. {main}() C:\wamp64\www\Pruebas\procu\nna_susceptible.php:0
[27-May-2021 04:38:29 UTC] Errors!
[27-May-2021 04:38:29 UTC] PHP Notice:  Undefined index: nombre_centro in C:\wamp64\www\Pruebas\procu\nna_susceptible.php on line 78
[27-May-2021 04:38:29 UTC] PHP Stack trace:
[27-May-2021 04:38:29 UTC] PHP   1. {main}() C:\wamp64\www\Pruebas\procu\nna_susceptible.php:0
[27-May-2021 04:38:29 UTC] PHP Notice:  Undefined index: motivo in C:\wamp64\www\Pruebas\procu\nna_susceptible.php on line 81
[27-May-2021 04:38:29 UTC] PHP Stack trace:
[27-May-2021 04:38:29 UTC] PHP   1. {main}() C:\wamp64\www\Pruebas\procu\nna_susceptible.php:0
[27-May-2021 04:38:29 UTC] PHP Notice:  Undefined index: cuidado_procu in C:\wamp64\www\Pruebas\procu\nna_susceptible.php on line 84
[27-May-2021 04:38:29 UTC] PHP Stack trace:
[27-May-2021 04:38:29 UTC] PHP   1. {main}() C:\wamp64\www\Pruebas\procu\nna_susceptible.php:0
[27-May-2021 04:41:43 UTC] Errors!
[27-May-2021 04:41:43 UTC] PHP Notice:  Undefined index: nombre_centro in C:\wamp64\www\Pruebas\procu\nna_susceptible.php on line 78
[27-May-2021 04:41:43 UTC] PHP Stack trace:
[27-May-2021 04:41:43 UTC] PHP   1. {main}() C:\wamp64\www\Pruebas\procu\nna_susceptible.php:0
[27-May-2021 04:41:43 UTC] PHP Notice:  Undefined index: motivo in C:\wamp64\www\Pruebas\procu\nna_susceptible.php on line 81
[27-May-2021 04:41:43 UTC] PHP Stack trace:
[27-May-2021 04:41:43 UTC] PHP   1. {main}() C:\wamp64\www\Pruebas\procu\nna_susceptible.php:0
[27-May-2021 04:41:43 UTC] PHP Notice:  Undefined index: cuidado_procu in C:\wamp64\www\Pruebas\procu\nna_susceptible.php on line 84
[27-May-2021 04:41:43 UTC] PHP Stack trace:
[27-May-2021 04:41:43 UTC] PHP   1. {main}() C:\wamp64\www\Pruebas\procu\nna_susceptible.php:0
[27-May-2021 04:42:46 UTC] Errors!
[27-May-2021 04:42:46 UTC] PHP Notice:  Undefined index: motivo in C:\wamp64\www\Pruebas\procu\nna_susceptible.php on line 81
[27-May-2021 04:42:46 UTC] PHP Stack trace:
[27-May-2021 04:42:46 UTC] PHP   1. {main}() C:\wamp64\www\Pruebas\procu\nna_susceptible.php:0
[27-May-2021 04:42:46 UTC] PHP Notice:  Undefined index: cuidado_procu in C:\wamp64\www\Pruebas\procu\nna_susceptible.php on line 84
[27-May-2021 04:42:46 UTC] PHP Stack trace:
[27-May-2021 04:42:46 UTC] PHP   1. {main}() C:\wamp64\www\Pruebas\procu\nna_susceptible.php:0
[27-May-2021 04:43:45 UTC] Errors!
[27-May-2021 04:43:45 UTC] PHP Notice:  Undefined index: cuidado_procu in C:\wamp64\www\Pruebas\procu\nna_susceptible.php on line 83
[27-May-2021 04:43:45 UTC] PHP Stack trace:
[27-May-2021 04:43:45 UTC] PHP   1. {main}() C:\wamp64\www\Pruebas\procu\nna_susceptible.php:0
[27-May-2021 04:50:51 UTC] Errors!
[27-May-2021 04:50:51 UTC] PHP Notice:  Undefined index: cuidado_procu in C:\wamp64\www\Pruebas\procu\nna_susceptible.php on line 99
[27-May-2021 04:50:51 UTC] PHP Stack trace:
[27-May-2021 04:50:51 UTC] PHP   1. {main}() C:\wamp64\www\Pruebas\procu\nna_susceptible.php:0
[27-May-2021 04:51:27 UTC] Errors!
[27-May-2021 04:51:27 UTC] PHP Notice:  Undefined index: cuidado_procu in C:\wamp64\www\Pruebas\procu\nna_susceptible.php on line 99
[27-May-2021 04:51:27 UTC] PHP Stack trace:
[27-May-2021 04:51:27 UTC] PHP   1. {main}() C:\wamp64\www\Pruebas\procu\nna_susceptible.php:0
[27-May-2021 04:53:57 UTC] Errors!
[27-May-2021 04:53:57 UTC] PHP Notice:  Undefined index: cuidado_procu in C:\wamp64\www\Pruebas\procu\nna_susceptible.php on line 99
[27-May-2021 04:53:57 UTC] PHP Stack trace:
[27-May-2021 04:53:57 UTC] PHP   1. {main}() C:\wamp64\www\Pruebas\procu\nna_susceptible.php:0
[27-May-2021 04:59:03 UTC] Errors!
[27-May-2021 04:59:03 UTC] PHP Notice:  Undefined index: cuidado_procu in C:\wamp64\www\Pruebas\procu\nna_susceptible.php on line 99
[27-May-2021 04:59:03 UTC] PHP Stack trace:
[27-May-2021 04:59:03 UTC] PHP   1. {main}() C:\wamp64\www\Pruebas\procu\nna_susceptible.php:0
[27-May-2021 05:00:05 UTC] Errors!
[27-May-2021 05:00:05 UTC] PHP Notice:  Undefined index: cuidado_procu in C:\wamp64\www\Pruebas\procu\nna_susceptible.php on line 104
[27-May-2021 05:00:05 UTC] PHP Stack trace:
[27-May-2021 05:00:05 UTC] PHP   1. {main}() C:\wamp64\www\Pruebas\procu\nna_susceptible.php:0
[27-May-2021 05:06:03 UTC] Errors!
[27-May-2021 05:06:03 UTC] PHP Notice:  Undefined index: cuidado_procu in C:\wamp64\www\Pruebas\procu\nna_susceptible.php on line 104
[27-May-2021 05:06:03 UTC] PHP Stack trace:
[27-May-2021 05:06:03 UTC] PHP   1. {main}() C:\wamp64\www\Pruebas\procu\nna_susceptible.php:0
[27-May-2021 05:07:41 UTC] Errors!
[27-May-2021 05:07:41 UTC] PHP Notice:  Undefined index: cuidado_procu in C:\wamp64\www\Pruebas\procu\nna_susceptible.php on line 104
[27-May-2021 05:07:41 UTC] PHP Stack trace:
[27-May-2021 05:07:41 UTC] PHP   1. {main}() C:\wamp64\www\Pruebas\procu\nna_susceptible.php:0
[27-May-2021 05:09:10 UTC] Errors!
[27-May-2021 05:10:08 UTC] Errors!
[27-May-2021 05:12:59 UTC] Errors!
[27-May-2021 05:13:16 UTC] Errors!
[27-May-2021 05:15:02 UTC] Errors!
[27-May-2021 05:15:24 UTC] Errors!
[27-May-2021 05:15:47 UTC] Errors!
[27-May-2021 05:16:21 UTC] Errors!
[27-May-2021 05:16:49 UTC] Errors!
[27-May-2021 05:17:05 UTC] Errors!
[27-May-2021 05:18:18 UTC] Errors!
[27-May-2021 05:18:18 UTC] PHP Notice:  Undefined index: persona otorga in C:\wamp64\www\Pruebas\procu\nna_susceptible.php on line 122
[27-May-2021 05:18:18 UTC] PHP Stack trace:
[27-May-2021 05:18:18 UTC] PHP   1. {main}() C:\wamp64\www\Pruebas\procu\nna_susceptible.php:0
[27-May-2021 05:18:31 UTC] Errors!
[27-May-2021 05:18:31 UTC] PHP Notice:  Undefined index: persona_otorga in C:\wamp64\www\Pruebas\procu\nna_susceptible.php on line 122
[27-May-2021 05:18:31 UTC] PHP Stack trace:
[27-May-2021 05:18:31 UTC] PHP   1. {main}() C:\wamp64\www\Pruebas\procu\nna_susceptible.php:0
[27-May-2021 05:19:48 UTC] Errors!
[27-May-2021 05:21:30 UTC] Errors!
[27-May-2021 05:22:21 UTC] Errors!
[27-May-2021 05:23:15 UTC] Errors!
[27-May-2021 05:23:35 UTC] Errors!
[27-May-2021 05:23:58 UTC] Errors!
[27-May-2021 05:24:24 UTC] Errors!
[27-May-2021 05:24:50 UTC] Errors!
[27-May-2021 05:25:56 UTC] Errors!
[27-May-2021 14:08:23 UTC] Errors!
[27-May-2021 14:09:00 UTC] Errors!
[27-May-2021 14:10:09 UTC] Errors!
[27-May-2021 14:24:23 UTC] Errors!
[27-May-2021 14:25:00 UTC] Errors!
[27-May-2021 14:25:12 UTC] Errors!
[27-May-2021 14:26:43 UTC] Errors!
[27-May-2021 14:27:11 UTC] Errors!
[27-May-2021 14:28:29 UTC] Errors!
[27-May-2021 14:28:35 UTC] Errors!
[27-May-2021 14:28:54 UTC] Errors!
[27-May-2021 14:29:06 UTC] Errors!
[27-May-2021 14:29:46 UTC] Errors!
[27-May-2021 14:30:08 UTC] Errors!
[27-May-2021 14:30:29 UTC] Errors!
[27-May-2021 14:30:55 UTC] Errors!
[27-May-2021 14:31:32 UTC] Errors!
[27-May-2021 14:34:35 UTC] Errors!
[27-May-2021 14:36:32 UTC] Errors!
[27-May-2021 14:37:40 UTC] Errors!
[27-May-2021 14:38:14 UTC] Errors!
[27-May-2021 14:39:16 UTC] Errors!
[27-May-2021 14:39:38 UTC] Errors!
[27-May-2021 14:40:16 UTC] Errors!
[27-May-2021 14:41:52 UTC] Errors!
[27-May-2021 14:42:50 UTC] Errors!
[27-May-2021 14:43:57 UTC] Errors!
[27-May-2021 14:44:23 UTC] Errors!
[27-May-2021 14:44:48 UTC] Errors!
[27-May-2021 14:45:02 UTC] Errors!
[27-May-2021 14:45:20 UTC] Errors!
[27-May-2021 14:45:56 UTC] Errors!
[27-May-2021 14:47:51 UTC] Errors!
[27-May-2021 14:48:14 UTC] Errors!
[27-May-2021 14:48:28 UTC] Errors!
[27-May-2021 14:49:11 UTC] Errors!
[27-May-2021 14:49:28 UTC] Errors!
[27-May-2021 14:49:55 UTC] Errors!
[27-May-2021 14:50:47 UTC] Errors!
[27-May-2021 14:51:25 UTC] Errors!
[27-May-2021 14:51:30 UTC] Errors!
[27-May-2021 14:52:02 UTC] Errors!
[27-May-2021 14:55:32 UTC] Errors!
[27-May-2021 14:56:17 UTC] Errors!
[27-May-2021 14:56:35 UTC] Errors!
[27-May-2021 14:58:02 UTC] Errors!
[27-May-2021 14:58:05 UTC] Errors!
[27-May-2021 14:58:22 UTC] Errors!
[27-May-2021 15:00:14 UTC] Errors!
[27-May-2021 15:00:14 UTC] PHP Notice:  Undefined index: respo_reg in C:\wamp64\www\Pruebas\procu\perfil_nna_susceptible.php on line 135
[27-May-2021 15:00:14 UTC] PHP Stack trace:
[27-May-2021 15:00:14 UTC] PHP   1. {main}() C:\wamp64\www\Pruebas\procu\perfil_nna_susceptible.php:0
[27-May-2021 15:01:53 UTC] Errors!
[27-May-2021 15:06:22 UTC] Errors!
[27-May-2021 15:06:22 UTC] PHP Notice:  Undefined variable: mysqli in C:\wamp64\www\Pruebas\procu\perfil_nna_susceptible.php on line 52
[27-May-2021 15:06:22 UTC] PHP Stack trace:
[27-May-2021 15:06:22 UTC] PHP   1. {main}() C:\wamp64\www\Pruebas\procu\perfil_nna_susceptible.php:0
[27-May-2021 15:06:22 UTC] PHP   2. responsable() C:\wamp64\www\Pruebas\procu\perfil_nna_susceptible.php:143
[27-May-2021 15:06:22 UTC] PHP Fatal error:  Uncaught Error: Call to a member function query() on null in C:\wamp64\www\Pruebas\procu\perfil_nna_susceptible.php:52
Stack trace:
#0 C:\wamp64\www\Pruebas\procu\perfil_nna_susceptible.php(143): responsable('38')
#1 {main}
  thrown in C:\wamp64\www\Pruebas\procu\perfil_nna_susceptible.php on line 52
[27-May-2021 15:09:19 UTC] Errors!
[27-May-2021 15:10:01 UTC] Errors!
[27-May-2021 15:10:24 UTC] Errors!
[27-May-2021 15:23:16 UTC] Errors!
[27-May-2021 15:23:16 UTC] PHP Notice:  Undefined index: fecha_nacimiento in C:\wamp64\www\Pruebas\procu\perfil_nna_susceptible.php on line 115
[27-May-2021 15:23:16 UTC] PHP Stack trace:
[27-May-2021 15:23:16 UTC] PHP   1. {main}() C:\wamp64\www\Pruebas\procu\perfil_nna_susceptible.php:0
[27-May-2021 15:23:16 UTC] PHP Notice:  Undefined offset: 1 in C:\wamp64\www\Pruebas\procu\perfil_nna_susceptible.php on line 53
[27-May-2021 15:23:16 UTC] PHP Stack trace:
[27-May-2021 15:23:16 UTC] PHP   1. {main}() C:\wamp64\www\Pruebas\procu\perfil_nna_susceptible.php:0
[27-May-2021 15:23:16 UTC] PHP   2. calculaedad() C:\wamp64\www\Pruebas\procu\perfil_nna_susceptible.php:115
[27-May-2021 15:23:16 UTC] PHP Notice:  Undefined offset: 2 in C:\wamp64\www\Pruebas\procu\perfil_nna_susceptible.php on line 53
[27-May-2021 15:23:16 UTC] PHP Stack trace:
[27-May-2021 15:23:16 UTC] PHP   1. {main}() C:\wamp64\www\Pruebas\procu\perfil_nna_susceptible.php:0
[27-May-2021 15:23:16 UTC] PHP   2. calculaedad() C:\wamp64\www\Pruebas\procu\perfil_nna_susceptible.php:115
[27-May-2021 15:23:16 UTC] PHP Warning:  A non-numeric value encountered in C:\wamp64\www\Pruebas\procu\perfil_nna_susceptible.php on line 54
[27-May-2021 15:23:16 UTC] PHP Stack trace:
[27-May-2021 15:23:16 UTC] PHP   1. {main}() C:\wamp64\www\Pruebas\procu\perfil_nna_susceptible.php:0
[27-May-2021 15:23:16 UTC] PHP   2. calculaedad() C:\wamp64\www\Pruebas\procu\perfil_nna_susceptible.php:115
[27-May-2021 15:23:16 UTC] PHP Notice:  Undefined index: nombre_centro in C:\wamp64\www\Pruebas\procu\perfil_nna_susceptible.php on line 120
[27-May-2021 15:23:16 UTC] PHP Stack trace:
[27-May-2021 15:23:16 UTC] PHP   1. {main}() C:\wamp64\www\Pruebas\procu\perfil_nna_susceptible.php:0
[27-May-2021 15:23:16 UTC] PHP Notice:  Undefined index: fecha_ingreso in C:\wamp64\www\Pruebas\procu\perfil_nna_susceptible.php on line 135
[27-May-2021 15:23:16 UTC] PHP Stack trace:
[27-May-2021 15:23:16 UTC] PHP   1. {main}() C:\wamp64\www\Pruebas\procu\perfil_nna_susceptible.php:0
[27-May-2021 15:23:16 UTC] PHP Notice:  Undefined index: respo_reg in C:\wamp64\www\Pruebas\procu\perfil_nna_susceptible.php on line 138
[27-May-2021 15:23:16 UTC] PHP Stack trace:
[27-May-2021 15:23:16 UTC] PHP   1. {main}() C:\wamp64\www\Pruebas\procu\perfil_nna_susceptible.php:0
[27-May-2021 15:23:49 UTC] Errors!
[27-May-2021 15:23:49 UTC] PHP Notice:  Undefined index: fecha_nacimiento in C:\wamp64\www\Pruebas\procu\perfil_nna_susceptible.php on line 115
[27-May-2021 15:23:49 UTC] PHP Stack trace:
[27-May-2021 15:23:49 UTC] PHP   1. {main}() C:\wamp64\www\Pruebas\procu\perfil_nna_susceptible.php:0
[27-May-2021 15:23:49 UTC] PHP Notice:  Undefined offset: 1 in C:\wamp64\www\Pruebas\procu\perfil_nna_susceptible.php on line 53
[27-May-2021 15:23:49 UTC] PHP Stack trace:
[27-May-2021 15:23:49 UTC] PHP   1. {main}() C:\wamp64\www\Pruebas\procu\perfil_nna_susceptible.php:0
[27-May-2021 15:23:49 UTC] PHP   2. calculaedad() C:\wamp64\www\Pruebas\procu\perfil_nna_susceptible.php:115
[27-May-2021 15:23:49 UTC] PHP Notice:  Undefined offset: 2 in C:\wamp64\www\Pruebas\procu\perfil_nna_susceptible.php on line 53
[27-May-2021 15:23:49 UTC] PHP Stack trace:
[27-May-2021 15:23:49 UTC] PHP   1. {main}() C:\wamp64\www\Pruebas\procu\perfil_nna_susceptible.php:0
[27-May-2021 15:23:49 UTC] PHP   2. calculaedad() C:\wamp64\www\Pruebas\procu\perfil_nna_susceptible.php:115
[27-May-2021 15:23:49 UTC] PHP Warning:  A non-numeric value encountered in C:\wamp64\www\Pruebas\procu\perfil_nna_susceptible.php on line 54
[27-May-2021 15:23:49 UTC] PHP Stack trace:
[27-May-2021 15:23:49 UTC] PHP   1. {main}() C:\wamp64\www\Pruebas\procu\perfil_nna_susceptible.php:0
[27-May-2021 15:23:49 UTC] PHP   2. calculaedad() C:\wamp64\www\Pruebas\procu\perfil_nna_susceptible.php:115
[27-May-2021 15:23:49 UTC] PHP Notice:  Undefined index: fecha_ingreso in C:\wamp64\www\Pruebas\procu\perfil_nna_susceptible.php on line 135
[27-May-2021 15:23:49 UTC] PHP Stack trace:
[27-May-2021 15:23:49 UTC] PHP   1. {main}() C:\wamp64\www\Pruebas\procu\perfil_nna_susceptible.php:0
[27-May-2021 15:23:49 UTC] PHP Notice:  Undefined index: respo_reg in C:\wamp64\www\Pruebas\procu\perfil_nna_susceptible.php on line 138
[27-May-2021 15:23:49 UTC] PHP Stack trace:
[27-May-2021 15:23:49 UTC] PHP   1. {main}() C:\wamp64\www\Pruebas\procu\perfil_nna_susceptible.php:0
[27-May-2021 15:24:17 UTC] Errors!
[27-May-2021 15:24:17 UTC] PHP Notice:  Undefined index: fecha_nacimiento in C:\wamp64\www\Pruebas\procu\perfil_nna_susceptible.php on line 115
[27-May-2021 15:24:17 UTC] PHP Stack trace:
[27-May-2021 15:24:17 UTC] PHP   1. {main}() C:\wamp64\www\Pruebas\procu\perfil_nna_susceptible.php:0
[27-May-2021 15:24:17 UTC] PHP Notice:  Undefined offset: 1 in C:\wamp64\www\Pruebas\procu\perfil_nna_susceptible.php on line 53
[27-May-2021 15:24:17 UTC] PHP Stack trace:
[27-May-2021 15:24:17 UTC] PHP   1. {main}() C:\wamp64\www\Pruebas\procu\perfil_nna_susceptible.php:0
[27-May-2021 15:24:17 UTC] PHP   2. calculaedad() C:\wamp64\www\Pruebas\procu\perfil_nna_susceptible.php:115
[27-May-2021 15:24:17 UTC] PHP Notice:  Undefined offset: 2 in C:\wamp64\www\Pruebas\procu\perfil_nna_susceptible.php on line 53
[27-May-2021 15:24:17 UTC] PHP Stack trace:
[27-May-2021 15:24:17 UTC] PHP   1. {main}() C:\wamp64\www\Pruebas\procu\perfil_nna_susceptible.php:0
[27-May-2021 15:24:17 UTC] PHP   2. calculaedad() C:\wamp64\www\Pruebas\procu\perfil_nna_susceptible.php:115
[27-May-2021 15:24:17 UTC] PHP Warning:  A non-numeric value encountered in C:\wamp64\www\Pruebas\procu\perfil_nna_susceptible.php on line 54
[27-May-2021 15:24:17 UTC] PHP Stack trace:
[27-May-2021 15:24:17 UTC] PHP   1. {main}() C:\wamp64\www\Pruebas\procu\perfil_nna_susceptible.php:0
[27-May-2021 15:24:17 UTC] PHP   2. calculaedad() C:\wamp64\www\Pruebas\procu\perfil_nna_susceptible.php:115
[27-May-2021 15:24:17 UTC] PHP Notice:  Undefined index: fecha_reg in C:\wamp64\www\Pruebas\procu\perfil_nna_susceptible.php on line 135
[27-May-2021 15:24:17 UTC] PHP Stack trace:
[27-May-2021 15:24:17 UTC] PHP   1. {main}() C:\wamp64\www\Pruebas\procu\perfil_nna_susceptible.php:0
[27-May-2021 15:24:17 UTC] PHP Notice:  Undefined index: respo_reg in C:\wamp64\www\Pruebas\procu\perfil_nna_susceptible.php on line 138
[27-May-2021 15:24:17 UTC] PHP Stack trace:
[27-May-2021 15:24:17 UTC] PHP   1. {main}() C:\wamp64\www\Pruebas\procu\perfil_nna_susceptible.php:0
[27-May-2021 15:24:47 UTC] Errors!
[27-May-2021 15:24:47 UTC] PHP Notice:  Undefined index: fecha_nacimiento in C:\wamp64\www\Pruebas\procu\perfil_nna_susceptible.php on line 115
[27-May-2021 15:24:47 UTC] PHP Stack trace:
[27-May-2021 15:24:47 UTC] PHP   1. {main}() C:\wamp64\www\Pruebas\procu\perfil_nna_susceptible.php:0
[27-May-2021 15:24:47 UTC] PHP Notice:  Undefined offset: 1 in C:\wamp64\www\Pruebas\procu\perfil_nna_susceptible.php on line 53
[27-May-2021 15:24:47 UTC] PHP Stack trace:
[27-May-2021 15:24:47 UTC] PHP   1. {main}() C:\wamp64\www\Pruebas\procu\perfil_nna_susceptible.php:0
[27-May-2021 15:24:47 UTC] PHP   2. calculaedad() C:\wamp64\www\Pruebas\procu\perfil_nna_susceptible.php:115
[27-May-2021 15:24:47 UTC] PHP Notice:  Undefined offset: 2 in C:\wamp64\www\Pruebas\procu\perfil_nna_susceptible.php on line 53
[27-May-2021 15:24:47 UTC] PHP Stack trace:
[27-May-2021 15:24:47 UTC] PHP   1. {main}() C:\wamp64\www\Pruebas\procu\perfil_nna_susceptible.php:0
[27-May-2021 15:24:47 UTC] PHP   2. calculaedad() C:\wamp64\www\Pruebas\procu\perfil_nna_susceptible.php:115
[27-May-2021 15:24:47 UTC] PHP Warning:  A non-numeric value encountered in C:\wamp64\www\Pruebas\procu\perfil_nna_susceptible.php on line 54
[27-May-2021 15:24:47 UTC] PHP Stack trace:
[27-May-2021 15:24:47 UTC] PHP   1. {main}() C:\wamp64\www\Pruebas\procu\perfil_nna_susceptible.php:0
[27-May-2021 15:24:47 UTC] PHP   2. calculaedad() C:\wamp64\www\Pruebas\procu\perfil_nna_susceptible.php:115
[27-May-2021 15:24:47 UTC] PHP Notice:  Undefined index: respo_reg in C:\wamp64\www\Pruebas\procu\perfil_nna_susceptible.php on line 138
[27-May-2021 15:24:47 UTC] PHP Stack trace:
[27-May-2021 15:24:47 UTC] PHP   1. {main}() C:\wamp64\www\Pruebas\procu\perfil_nna_susceptible.php:0
[27-May-2021 15:25:25 UTC] Errors!
[27-May-2021 15:25:25 UTC] PHP Notice:  Undefined index: fecha_nacimiento in C:\wamp64\www\Pruebas\procu\perfil_nna_susceptible.php on line 115
[27-May-2021 15:25:25 UTC] PHP Stack trace:
[27-May-2021 15:25:25 UTC] PHP   1. {main}() C:\wamp64\www\Pruebas\procu\perfil_nna_susceptible.php:0
[27-May-2021 15:25:25 UTC] PHP Notice:  Undefined offset: 1 in C:\wamp64\www\Pruebas\procu\perfil_nna_susceptible.php on line 53
[27-May-2021 15:25:25 UTC] PHP Stack trace:
[27-May-2021 15:25:25 UTC] PHP   1. {main}() C:\wamp64\www\Pruebas\procu\perfil_nna_susceptible.php:0
[27-May-2021 15:25:25 UTC] PHP   2. calculaedad() C:\wamp64\www\Pruebas\procu\perfil_nna_susceptible.php:115
[27-May-2021 15:25:25 UTC] PHP Notice:  Undefined offset: 2 in C:\wamp64\www\Pruebas\procu\perfil_nna_susceptible.php on line 53
[27-May-2021 15:25:25 UTC] PHP Stack trace:
[27-May-2021 15:25:25 UTC] PHP   1. {main}() C:\wamp64\www\Pruebas\procu\perfil_nna_susceptible.php:0
[27-May-2021 15:25:25 UTC] PHP   2. calculaedad() C:\wamp64\www\Pruebas\procu\perfil_nna_susceptible.php:115
[27-May-2021 15:25:25 UTC] PHP Warning:  A non-numeric value encountered in C:\wamp64\www\Pruebas\procu\perfil_nna_susceptible.php on line 54
[27-May-2021 15:25:25 UTC] PHP Stack trace:
[27-May-2021 15:25:25 UTC] PHP   1. {main}() C:\wamp64\www\Pruebas\procu\perfil_nna_susceptible.php:0
[27-May-2021 15:25:25 UTC] PHP   2. calculaedad() C:\wamp64\www\Pruebas\procu\perfil_nna_susceptible.php:115
[27-May-2021 15:27:08 UTC] Errors!
[27-May-2021 15:27:14 UTC] Errors!
[27-May-2021 15:32:31 UTC] Errors!
[27-May-2021 15:33:28 UTC] Errors!
[28-May-2021 16:51:06 UTC] Errors!
[28-May-2021 17:56:47 UTC] Errors!
[28-May-2021 17:58:14 UTC] Errors!
[28-May-2021 17:58:31 UTC] Errors!
[28-May-2021 21:11:00 UTC] Errors!
[28-May-2021 21:12:27 UTC] Errors!
[28-May-2021 21:12:45 UTC] Errors!
[28-May-2021 21:13:42 UTC] Errors!
[28-May-2021 21:14:06 UTC] Errors!
[28-May-2021 21:15:05 UTC] Errors!
[28-May-2021 21:15:24 UTC] Errors!
[28-May-2021 21:15:53 UTC] Errors!
[28-May-2021 21:16:14 UTC] Errors!
[28-May-2021 21:17:32 UTC] Errors!
[28-May-2021 21:18:22 UTC] Errors!
[28-May-2021 21:18:39 UTC] Errors!
[28-May-2021 21:19:09 UTC] Errors!
[28-May-2021 21:19:51 UTC] Errors!
[28-May-2021 21:20:31 UTC] Errors!
[28-May-2021 21:21:58 UTC] Errors!
[31-May-2021 14:40:53 UTC] Errors!
[31-May-2021 14:41:07 UTC] Errors!
[31-May-2021 14:41:42 UTC] Errors!
[31-May-2021 14:41:42 UTC] Errors!
[31-May-2021 14:41:54 UTC] Errors!
[31-May-2021 14:44:45 UTC] Errors!
[31-May-2021 14:45:42 UTC] Errors!
[31-May-2021 14:45:54 UTC] Errors!
[31-May-2021 14:47:20 UTC] Errors!
[31-May-2021 14:48:17 UTC] Errors!
[31-May-2021 14:48:28 UTC] Errors!
[31-May-2021 14:49:20 UTC] Errors!
[31-May-2021 14:49:53 UTC] Errors!
[31-May-2021 14:50:50 UTC] Errors!
[31-May-2021 14:51:07 UTC] Errors!
[31-May-2021 14:51:26 UTC] Errors!
[31-May-2021 14:53:54 UTC] Errors!
[31-May-2021 14:54:47 UTC] Errors!
[31-May-2021 14:56:11 UTC] Errors!
[31-May-2021 14:56:21 UTC] Errors!
[31-May-2021 14:56:30 UTC] Errors!
[31-May-2021 14:56:49 UTC] Errors!
[31-May-2021 14:57:11 UTC] Errors!
[31-May-2021 14:57:17 UTC] Errors!
[31-May-2021 14:57:27 UTC] Errors!
[31-May-2021 14:57:50 UTC] Errors!
[31-May-2021 14:59:58 UTC] Errors!
[31-May-2021 15:00:52 UTC] Errors!
[31-May-2021 15:01:11 UTC] Errors!
[31-May-2021 15:01:46 UTC] Errors!
[31-May-2021 15:02:13 UTC] Errors!
[31-May-2021 15:03:27 UTC] Errors!
[31-May-2021 15:19:36 UTC] Errors!
[31-May-2021 15:19:47 UTC] Errors!
[31-May-2021 15:19:55 UTC] Errors!
[31-May-2021 15:20:11 UTC] Errors!
[31-May-2021 15:20:32 UTC] Errors!
[31-May-2021 15:21:22 UTC] Errors!
[31-May-2021 15:21:28 UTC] Errors!
[31-May-2021 15:21:55 UTC] Errors!
[31-May-2021 15:22:01 UTC] Errors!
[31-May-2021 15:22:13 UTC] Errors!
[31-May-2021 15:22:18 UTC] Errors!
[31-May-2021 15:22:54 UTC] Errors!
[31-May-2021 15:26:47 UTC] Errors!
[31-May-2021 15:30:06 UTC] Errors!
[31-May-2021 15:33:10 UTC] Errors!
[31-May-2021 15:34:26 UTC] Errors!
[31-May-2021 15:36:06 UTC] Errors!
[31-May-2021 15:36:13 UTC] Errors!
[31-May-2021 15:37:15 UTC] Errors!
[31-May-2021 15:38:04 UTC] Errors!
[31-May-2021 15:38:23 UTC] Errors!
[31-May-2021 15:38:34 UTC] Errors!
[31-May-2021 15:38:41 UTC] Errors!
[31-May-2021 15:38:52 UTC] Errors!
[31-May-2021 15:39:03 UTC] Errors!
[31-May-2021 15:39:47 UTC] Errors!
[31-May-2021 15:55:29 UTC] Errors!
[31-May-2021 15:56:25 UTC] Errors!
[31-May-2021 16:16:22 UTC] Errors!
[31-May-2021 16:16:23 UTC] PHP Notice:  Undefined variable: idSolicitud in C:\wamp64\www\Pruebas\procu\perfil_nna_susceptible.php on line 198
[31-May-2021 16:16:23 UTC] PHP Stack trace:
[31-May-2021 16:16:23 UTC] PHP   1. {main}() C:\wamp64\www\Pruebas\procu\perfil_nna_susceptible.php:0
[31-May-2021 16:16:37 UTC] Errors!
[31-May-2021 16:16:47 UTC] Errors!
[31-May-2021 16:20:33 UTC] Errors!
[31-May-2021 16:20:33 UTC] PHP Warning:  implode(): Argument must be an array in C:\wamp64\www\Pruebas\procu\nna_susceptible.php on line 34
[31-May-2021 16:20:33 UTC] PHP Stack trace:
[31-May-2021 16:20:33 UTC] PHP   1. {main}() C:\wamp64\www\Pruebas\procu\nna_susceptible.php:0
[31-May-2021 16:20:33 UTC] PHP   2. implode() C:\wamp64\www\Pruebas\procu\nna_susceptible.php:34
[31-May-2021 16:23:02 UTC] Errors!
[31-May-2021 16:23:02 UTC] PHP Fatal error:  Uncaught mysqli_sql_exception: Unknown column 'id_nna_susceptible' in 'where clause' in C:\wamp64\www\Pruebas\procu\nna_susceptible.php:26
Stack trace:
#0 C:\wamp64\www\Pruebas\procu\nna_susceptible.php(26): mysqli->query('SELECT nna_susc...')
#1 {main}
  thrown in C:\wamp64\www\Pruebas\procu\nna_susceptible.php on line 26
[31-May-2021 16:23:38 UTC] Errors!
[31-May-2021 16:23:39 UTC] PHP Notice:  Undefined variable: idnnaCentro in C:\wamp64\www\Pruebas\procu\nna_susceptible.php on line 31
[31-May-2021 16:23:39 UTC] PHP Stack trace:
[31-May-2021 16:23:39 UTC] PHP   1. {main}() C:\wamp64\www\Pruebas\procu\nna_susceptible.php:0
[31-May-2021 16:23:39 UTC] PHP Fatal error:  Uncaught mysqli_sql_exception: You have an error in your SQL syntax; check the manual that corresponds to your MySQL server version for the right syntax to use near '' at line 4 in C:\wamp64\www\Pruebas\procu\nna_susceptible.php:32
Stack trace:
#0 C:\wamp64\www\Pruebas\procu\nna_susceptible.php(32): mysqli->query('SELECT nna_adop...')
#1 {main}
  thrown in C:\wamp64\www\Pruebas\procu\nna_susceptible.php on line 32
[31-May-2021 16:24:01 UTC] Errors!
[31-May-2021 16:24:01 UTC] PHP Warning:  implode(): Argument must be an array in C:\wamp64\www\Pruebas\procu\nna_susceptible.php on line 34
[31-May-2021 16:24:01 UTC] PHP Stack trace:
[31-May-2021 16:24:01 UTC] PHP   1. {main}() C:\wamp64\www\Pruebas\procu\nna_susceptible.php:0
[31-May-2021 16:24:01 UTC] PHP   2. implode() C:\wamp64\www\Pruebas\procu\nna_susceptible.php:34
[31-May-2021 16:24:01 UTC] PHP Notice:  Undefined offset: 1 in C:\wamp64\www\Pruebas\procu\nna_susceptible.php on line 38
[31-May-2021 16:24:01 UTC] PHP Stack trace:
[31-May-2021 16:24:01 UTC] PHP   1. {main}() C:\wamp64\www\Pruebas\procu\nna_susceptible.php:0
[31-May-2021 16:24:01 UTC] PHP   2. calculaedad() C:\wamp64\www\Pruebas\procu\nna_susceptible.php:109
[31-May-2021 16:24:01 UTC] PHP Notice:  Undefined offset: 2 in C:\wamp64\www\Pruebas\procu\nna_susceptible.php on line 38
[31-May-2021 16:24:01 UTC] PHP Stack trace:
[31-May-2021 16:24:01 UTC] PHP   1. {main}() C:\wamp64\www\Pruebas\procu\nna_susceptible.php:0
[31-May-2021 16:24:01 UTC] PHP   2. calculaedad() C:\wamp64\www\Pruebas\procu\nna_susceptible.php:109
[31-May-2021 16:24:01 UTC] PHP Warning:  A non-numeric value encountered in C:\wamp64\www\Pruebas\procu\nna_susceptible.php on line 39
[31-May-2021 16:24:01 UTC] PHP Stack trace:
[31-May-2021 16:24:01 UTC] PHP   1. {main}() C:\wamp64\www\Pruebas\procu\nna_susceptible.php:0
[31-May-2021 16:24:01 UTC] PHP   2. calculaedad() C:\wamp64\www\Pruebas\procu\nna_susceptible.php:109
[31-May-2021 16:24:38 UTC] Errors!
[31-May-2021 16:24:38 UTC] PHP Warning:  implode(): Argument must be an array in C:\wamp64\www\Pruebas\procu\nna_susceptible.php on line 34
[31-May-2021 16:24:38 UTC] PHP Stack trace:
[31-May-2021 16:24:38 UTC] PHP   1. {main}() C:\wamp64\www\Pruebas\procu\nna_susceptible.php:0
[31-May-2021 16:24:38 UTC] PHP   2. implode() C:\wamp64\www\Pruebas\procu\nna_susceptible.php:34
[31-May-2021 16:24:38 UTC] PHP Notice:  Undefined offset: 1 in C:\wamp64\www\Pruebas\procu\nna_susceptible.php on line 38
[31-May-2021 16:24:38 UTC] PHP Stack trace:
[31-May-2021 16:24:38 UTC] PHP   1. {main}() C:\wamp64\www\Pruebas\procu\nna_susceptible.php:0
[31-May-2021 16:24:38 UTC] PHP   2. calculaedad() C:\wamp64\www\Pruebas\procu\nna_susceptible.php:109
[31-May-2021 16:24:38 UTC] PHP Notice:  Undefined offset: 2 in C:\wamp64\www\Pruebas\procu\nna_susceptible.php on line 38
[31-May-2021 16:24:38 UTC] PHP Stack trace:
[31-May-2021 16:24:38 UTC] PHP   1. {main}() C:\wamp64\www\Pruebas\procu\nna_susceptible.php:0
[31-May-2021 16:24:38 UTC] PHP   2. calculaedad() C:\wamp64\www\Pruebas\procu\nna_susceptible.php:109
[31-May-2021 16:24:38 UTC] PHP Warning:  A non-numeric value encountered in C:\wamp64\www\Pruebas\procu\nna_susceptible.php on line 39
[31-May-2021 16:24:38 UTC] PHP Stack trace:
[31-May-2021 16:24:38 UTC] PHP   1. {main}() C:\wamp64\www\Pruebas\procu\nna_susceptible.php:0
[31-May-2021 16:24:38 UTC] PHP   2. calculaedad() C:\wamp64\www\Pruebas\procu\nna_susceptible.php:109
[31-May-2021 16:37:06 UTC] Errors!
[31-May-2021 16:38:59 UTC] Errors!
[31-May-2021 16:39:03 UTC] Errors!
[31-May-2021 16:39:08 UTC] Errors!
[31-May-2021 16:39:08 UTC] PHP Notice:  Undefined variable: idnna in C:\wamp64\www\Pruebas\procu\perfil_nna_susceptible.php on line 27
[31-May-2021 16:39:08 UTC] PHP Stack trace:
[31-May-2021 16:39:08 UTC] PHP   1. {main}() C:\wamp64\www\Pruebas\procu\perfil_nna_susceptible.php:0
[31-May-2021 16:39:08 UTC] PHP Notice:  Undefined variable: idnna in C:\wamp64\www\Pruebas\procu\perfil_nna_susceptible.php on line 33
[31-May-2021 16:39:08 UTC] PHP Stack trace:
[31-May-2021 16:39:08 UTC] PHP   1. {main}() C:\wamp64\www\Pruebas\procu\perfil_nna_susceptible.php:0
[31-May-2021 16:39:08 UTC] PHP Fatal error:  Uncaught mysqli_sql_exception: You have an error in your SQL syntax; check the manual that corresponds to your MySQL server version for the right syntax to use near '' at line 6 in C:\wamp64\www\Pruebas\procu\perfil_nna_susceptible.php:35
Stack trace:
#0 C:\wamp64\www\Pruebas\procu\perfil_nna_susceptible.php(35): mysqli->query('SELECT nna_susc...')
#1 {main}
  thrown in C:\wamp64\www\Pruebas\procu\perfil_nna_susceptible.php on line 35
[31-May-2021 16:39:28 UTC] Errors!
[31-May-2021 16:42:23 UTC] Errors!
[31-May-2021 16:42:34 UTC] Errors!
[31-May-2021 16:42:43 UTC] Errors!
[31-May-2021 16:42:51 UTC] Errors!
[31-May-2021 16:43:55 UTC] Errors!
[31-May-2021 16:44:23 UTC] Errors!
[31-May-2021 16:45:08 UTC] Errors!
[31-May-2021 16:48:26 UTC] Errors!
[31-May-2021 16:48:57 UTC] Errors!
[31-May-2021 16:49:57 UTC] Errors!
[31-May-2021 16:50:06 UTC] Errors!
[31-May-2021 16:50:12 UTC] Errors!
[31-May-2021 16:50:32 UTC] Errors!
[31-May-2021 16:50:55 UTC] Errors!
[31-May-2021 16:51:06 UTC] Errors!
[31-May-2021 16:51:21 UTC] Errors!
[31-May-2021 16:53:00 UTC] Errors!
[31-May-2021 16:53:00 UTC] PHP Notice:  Undefined index: asignado in C:\wamp64\www\Pruebas\procu\nna_susceptible.php on line 86
[31-May-2021 16:53:00 UTC] PHP Stack trace:
[31-May-2021 16:53:00 UTC] PHP   1. {main}() C:\wamp64\www\Pruebas\procu\nna_susceptible.php:0
[31-May-2021 16:53:28 UTC] Errors!
[31-May-2021 16:53:34 UTC] Errors!
[31-May-2021 21:01:39 UTC] Errors!
[31-May-2021 21:01:44 UTC] Errors!
[02-Jun-2021 21:06:54 UTC] Errors!
[03-Jun-2021 17:49:10 UTC] Errors!
[03-Jun-2021 17:49:25 UTC] Errors!
[03-Jun-2021 17:49:33 UTC] Errors!
[03-Jun-2021 17:49:37 UTC] Errors!
[03-Jun-2021 17:50:15 UTC] Errors!
[03-Jun-2021 17:54:29 UTC] Errors!
[03-Jun-2021 17:54:40 UTC] Errors!
[03-Jun-2021 17:54:55 UTC] Errors!
[03-Jun-2021 17:58:02 UTC] Errors!
[03-Jun-2021 18:04:08 UTC] Errors!
[03-Jun-2021 18:06:01 UTC] Errors!
[03-Jun-2021 18:06:09 UTC] Errors!
[03-Jun-2021 18:06:43 UTC] Errors!
[03-Jun-2021 18:08:33 UTC] Errors!
[03-Jun-2021 18:09:54 UTC] Errors!
[03-Jun-2021 18:12:35 UTC] Errors!
[03-Jun-2021 18:12:37 UTC] Errors!
[03-Jun-2021 18:12:43 UTC] Errors!
[03-Jun-2021 18:12:46 UTC] Errors!
[03-Jun-2021 18:12:52 UTC] Errors!
[03-Jun-2021 18:14:13 UTC] Errors!
[03-Jun-2021 18:14:49 UTC] Errors!
[03-Jun-2021 18:14:56 UTC] Errors!
[03-Jun-2021 18:15:01 UTC] Errors!
[03-Jun-2021 18:18:38 UTC] Errors!
[03-Jun-2021 18:18:45 UTC] Errors!
[03-Jun-2021 18:19:57 UTC] Errors!
[03-Jun-2021 18:21:16 UTC] Errors!
[03-Jun-2021 18:21:18 UTC] Errors!
[03-Jun-2021 18:21:20 UTC] Errors!
[03-Jun-2021 18:21:27 UTC] Errors!
[03-Jun-2021 18:21:51 UTC] Errors!
[03-Jun-2021 18:21:53 UTC] Errors!
[03-Jun-2021 18:22:50 UTC] Errors!
[03-Jun-2021 18:23:04 UTC] Errors!
[03-Jun-2021 18:23:06 UTC] Errors!
[03-Jun-2021 18:23:13 UTC] Errors!
[03-Jun-2021 18:24:12 UTC] Errors!
[03-Jun-2021 18:24:17 UTC] Errors!
[03-Jun-2021 18:24:24 UTC] Errors!
[03-Jun-2021 18:32:53 UTC] Errors!
[03-Jun-2021 18:33:04 UTC] Errors!
[03-Jun-2021 18:38:52 UTC] Errors!
[03-Jun-2021 18:39:24 UTC] Errors!
[07-Jun-2021 14:28:14 UTC] Errors!
[07-Jun-2021 19:34:14 UTC] Errors!
[07-Jun-2021 19:34:24 UTC] Errors!
[07-Jun-2021 19:34:29 UTC] Errors!
[07-Jun-2021 19:42:27 UTC] Errors!
[07-Jun-2021 19:42:43 UTC] Errors!
[07-Jun-2021 19:51:02 UTC] Errors!
[07-Jun-2021 19:52:09 UTC] Errors!
[07-Jun-2021 19:57:41 UTC] Errors!
[07-Jun-2021 20:00:40 UTC] Errors!
[07-Jun-2021 20:03:23 UTC] Errors!
[07-Jun-2021 20:03:41 UTC] Errors!
[07-Jun-2021 20:03:50 UTC] Errors!
[07-Jun-2021 20:04:32 UTC] Errors!
[07-Jun-2021 20:04:37 UTC] Errors!
[07-Jun-2021 20:04:59 UTC] Errors!
[07-Jun-2021 20:05:44 UTC] Errors!
[07-Jun-2021 20:05:47 UTC] Errors!
[07-Jun-2021 20:17:41 UTC] Errors!
[07-Jun-2021 20:17:47 UTC] Errors!
[07-Jun-2021 20:18:06 UTC] Errors!
[07-Jun-2021 20:19:15 UTC] Errors!
[08-Jun-2021 16:41:48 UTC] Errors!
[08-Jun-2021 16:43:04 UTC] Errors!
[08-Jun-2021 16:43:11 UTC] Errors!
[11-Jun-2021 14:47:08 UTC] Errors!
[11-Jun-2021 14:47:21 UTC] Errors!
[11-Jun-2021 15:33:07 UTC] Errors!
[11-Jun-2021 15:33:23 UTC] Errors!
[11-Jun-2021 15:40:27 UTC] Errors!
[11-Jun-2021 15:44:57 UTC] Errors!
[11-Jun-2021 15:45:09 UTC] Errors!
[11-Jun-2021 15:45:15 UTC] Errors!
[11-Jun-2021 20:17:34 UTC] Errors!
[11-Jun-2021 20:20:15 UTC] Errors!
[14-Jun-2021 14:18:03 UTC] Errors!
[14-Jun-2021 14:21:24 UTC] Errors!
[14-Jun-2021 14:22:53 UTC] Errors!
[14-Jun-2021 14:24:47 UTC] Errors!
[14-Jun-2021 14:25:54 UTC] Errors!
[14-Jun-2021 14:26:20 UTC] Errors!
[14-Jun-2021 14:27:11 UTC] Errors!
[14-Jun-2021 14:28:04 UTC] Errors!
[14-Jun-2021 14:28:54 UTC] Errors!
[14-Jun-2021 14:31:20 UTC] Errors!
[14-Jun-2021 14:32:56 UTC] Errors!
[14-Jun-2021 15:05:11 UTC] Errors!
[14-Jun-2021 15:05:47 UTC] Errors!
[14-Jun-2021 17:47:11 UTC] Errors!
[14-Jun-2021 20:36:54 UTC] Errors!
[14-Jun-2021 21:01:22 UTC] Errors!
[14-Jul-2021 18:50:55 UTC] Errors!
[15-Jul-2021 17:06:39 UTC] Errors!
[15-Jul-2021 17:07:14 UTC] Errors!
[15-Jul-2021 17:07:24 UTC] Errors!
[15-Jul-2021 17:11:12 UTC] Errors!
[15-Jul-2021 17:11:17 UTC] Errors!
[15-Jul-2021 17:11:25 UTC] Errors!
[15-Jul-2021 17:11:28 UTC] Errors!
[15-Jul-2021 17:11:47 UTC] Errors!
